-- The C compiler identification is GNU 11.4.0
-- The CXX compiler identification is GNU 11.4.0
-- Detecting C compiler ABI info
-- Detecting C compiler ABI info - done
-- Check for working C compiler: /usr/bin/cc - skipped
-- Detecting C compile features
-- Detecting C compile features - done
-- Detecting CXX compiler ABI info
-- Detecting CXX compiler ABI info - done
-- Check for working CXX compiler: /usr/bin/c++ - skipped
-- Detecting CXX compile features
-- Detecting CXX compile features - done
-- Found ament_cmake: 1.3.12 (/opt/ros/humble/share/ament_cmake/cmake)
-- Found Python3: /usr/bin/python3 (found version "3.10.12") found components: Interpreter 
-- Found rclcpp: 16.0.15 (/opt/ros/humble/share/rclcpp/cmake)
-- Found rosidl_generator_c: 3.1.7 (/opt/ros/humble/share/rosidl_generator_c/cmake)
-- Found rosidl_adapter: 3.1.7 (/opt/ros/humble/share/rosidl_adapter/cmake)
-- Found rosidl_generator_cpp: 3.1.7 (/opt/ros/humble/share/rosidl_generator_cpp/cmake)
-- Using all available rosidl_typesupport_c: rosidl_typesupport_fastrtps_c;rosidl_typesupport_introspection_c
-- Using all available rosidl_typesupport_cpp: rosidl_typesupport_fastrtps_cpp;rosidl_typesupport_introspection_cpp
-- Found rmw_implementation_cmake: 6.1.2 (/opt/ros/humble/share/rmw_implementation_cmake/cmake)
-- Found rmw_fastrtps_cpp: 6.2.9 (/opt/ros/humble/share/rmw_fastrtps_cpp/cmake)
-- Found OpenSSL: /usr/lib/x86_64-linux-gnu/libcrypto.so (found version "3.0.2")  
-- Found FastRTPS: /opt/ros/humble/include  
-- Using RMW implementation 'rmw_fastrtps_cpp' as default
-- Looking for pthread.h
-- Looking for pthread.h - found
-- Performing Test CMAKE_HAVE_LIBC_PTHREAD
-- Performing Test CMAKE_HAVE_LIBC_PTHREAD - Success
-- Found Threads: TRUE  
-- Found tf2: 0.25.16 (/opt/ros/humble/share/tf2/cmake)
-- Found tf2_ros: 0.25.16 (/opt/ros/humble/share/tf2_ros/cmake)
-- Found ament_lint_auto: 0.12.14 (/opt/ros/humble/share/ament_lint_auto/cmake)
-- Added test 'cppcheck' to perform static code analysis on C / C++ code
-- Configured cppcheck include dirs: $<BUILD_INTERFACE:/home/bbbkkk/ws02_tools/src/cpp04_tf_listener/include>
-- Configured cppcheck exclude dirs and/or files: 
-- Added test 'lint_cmake' to check CMake code style
-- Added test 'uncrustify' to check C / C++ code style
-- Configured uncrustify additional arguments: 
-- Added test 'xmllint' to check XML markup files
-- Configuring done
-- Generating done
-- Build files have been written to: /home/bbbkkk/ws02_tools/build/cpp04_tf_listener
[ 50%] [32mBuilding CXX object CMakeFiles/demo01_tf_listener.dir/src/demo01_tf_listener.cpp.o[0m
[01m[K/home/bbbkkk/ws02_tools/src/cpp04_tf_listener/src/demo01_tf_listener.cpp:[m[K In constructor â€˜[01m[KTFListener::TFListener()[m[Kâ€™:
[01m[K/home/bbbkkk/ws02_tools/src/cpp04_tf_listener/src/demo01_tf_listener.cpp:25:63:[m[K [01;31m[Kerror: [m[Kno matching function for call to â€˜[01m[Kstd::unique_ptr<tf2_ros::Buffer>::unique_ptr(rclcpp::Clock::SharedPtr)[m[Kâ€™
   25 |     buffer_=std::unique_ptr<tf2_ros::Buffer>(this->get_clock()[01;31m[K)[m[K;
      |                                                               [01;31m[K^[m[K
In file included from [01m[K/usr/include/c++/11/memory:76[m[K,
                 from [01m[K/opt/ros/humble/include/rclcpp/rclcpp/rclcpp.hpp:153[m[K,
                 from [01m[K/home/bbbkkk/ws02_tools/src/cpp04_tf_listener/src/demo01_tf_listener.cpp:16[m[K:
[01m[K/usr/include/c++/11/bits/unique_ptr.h:350:9:[m[K [01;36m[Knote: [m[Kcandidate: â€˜[01m[Ktemplate<class _Up, class> std::unique_ptr<_Tp, _Dp>::unique_ptr(std::auto_ptr<_Up>&&) [with _Up = _Up; <template-parameter-2-2> = <template-parameter-1-2>; _Tp = tf2_ros::Buffer; _Dp = std::default_delete<tf2_ros::Buffer>][m[Kâ€™
  350 |         [01;36m[Kunique_ptr[m[K(auto_ptr<_Up>&& __u) noexcept;
      |         [01;36m[K^~~~~~~~~~[m[K
[01m[K/usr/include/c++/11/bits/unique_ptr.h:350:9:[m[K [01;36m[Knote: [m[K  template argument deduction/substitution failed:
[01m[K/home/bbbkkk/ws02_tools/src/cpp04_tf_listener/src/demo01_tf_listener.cpp:25:63:[m[K [01;36m[Knote: [m[K  â€˜[01m[Krclcpp::Clock::SharedPtr[m[Kâ€™ {aka â€˜[01m[Kstd::shared_ptr<rclcpp::Clock>[m[Kâ€™} is not derived from â€˜[01m[Kstd::auto_ptr<_Up>[m[Kâ€™
   25 |     buffer_=std::unique_ptr<tf2_ros::Buffer>(this->get_clock()[01;36m[K)[m[K;
      |                                                               [01;36m[K^[m[K
In file included from [01m[K/usr/include/c++/11/memory:76[m[K,
                 from [01m[K/opt/ros/humble/include/rclcpp/rclcpp/rclcpp.hpp:153[m[K,
                 from [01m[K/home/bbbkkk/ws02_tools/src/cpp04_tf_listener/src/demo01_tf_listener.cpp:16[m[K:
[01m[K/usr/include/c++/11/bits/unique_ptr.h:340:9:[m[K [01;36m[Knote: [m[Kcandidate: â€˜[01m[Ktemplate<class _Up, class _Ep, class> std::unique_ptr<_Tp, _Dp>::unique_ptr(std::unique_ptr<_Up, _Ep>&&) [with _Up = _Up; _Ep = _Ep; <template-parameter-2-3> = <template-parameter-1-3>; _Tp = tf2_ros::Buffer; _Dp = std::default_delete<tf2_ros::Buffer>][m[Kâ€™
  340 |         [01;36m[Kunique_ptr[m[K(unique_ptr<_Up, _Ep>&& __u) noexcept
      |         [01;36m[K^~~~~~~~~~[m[K
[01m[K/usr/include/c++/11/bits/unique_ptr.h:340:9:[m[K [01;36m[Knote: [m[K  template argument deduction/substitution failed:
[01m[K/home/bbbkkk/ws02_tools/src/cpp04_tf_listener/src/demo01_tf_listener.cpp:25:63:[m[K [01;36m[Knote: [m[K  â€˜[01m[Krclcpp::Clock::SharedPtr[m[Kâ€™ {aka â€˜[01m[Kstd::shared_ptr<rclcpp::Clock>[m[Kâ€™} is not derived from â€˜[01m[Kstd::unique_ptr<_Tp, _Dp>[m[Kâ€™
   25 |     buffer_=std::unique_ptr<tf2_ros::Buffer>(this->get_clock()[01;36m[K)[m[K;
      |                                                               [01;36m[K^[m[K
In file included from [01m[K/usr/include/c++/11/memory:76[m[K,
                 from [01m[K/opt/ros/humble/include/rclcpp/rclcpp/rclcpp.hpp:153[m[K,
                 from [01m[K/home/bbbkkk/ws02_tools/src/cpp04_tf_listener/src/demo01_tf_listener.cpp:16[m[K:
[01m[K/usr/include/c++/11/bits/unique_ptr.h:320:19:[m[K [01;36m[Knote: [m[Kcandidate: â€˜[01m[Ktemplate<class _Del, class> constexpr std::unique_ptr<_Tp, _Dp>::unique_ptr(std::nullptr_t) [with _Del = _Del; <template-parameter-2-2> = <template-parameter-1-2>; _Tp = tf2_ros::Buffer; _Dp = std::default_delete<tf2_ros::Buffer>][m[Kâ€™
  320 |         constexpr [01;36m[Kunique_ptr[m[K(nullptr_t) noexcept
      |                   [01;36m[K^~~~~~~~~~[m[K
[01m[K/usr/include/c++/11/bits/unique_ptr.h:320:19:[m[K [01;36m[Knote: [m[K  template argument deduction/substitution failed:
[01m[K/home/bbbkkk/ws02_tools/src/cpp04_tf_listener/src/demo01_tf_listener.cpp:25:61:[m[K [01;36m[Knote: [m[K  cannot convert â€˜[01m[Krclcpp::Node::get_clock()()[m[Kâ€™ (type â€˜[01m[Krclcpp::Clock::SharedPtr[m[Kâ€™ {aka â€˜[01m[Kstd::shared_ptr<rclcpp::Clock>[m[Kâ€™}) to type â€˜[01m[Kstd::nullptr_t[m[Kâ€™
   25 |     buffer_=std::unique_ptr<tf2_ros::Buffer>([01;36m[Kthis->get_clock()[m[K);
      |                                              [01;36m[K~~~~~~~~~~~~~~~^~[m[K
In file included from [01m[K/usr/include/c++/11/memory:76[m[K,
                 from [01m[K/opt/ros/humble/include/rclcpp/rclcpp/rclcpp.hpp:153[m[K,
                 from [01m[K/home/bbbkkk/ws02_tools/src/cpp04_tf_listener/src/demo01_tf_listener.cpp:16[m[K:
[01m[K/usr/include/c++/11/bits/unique_ptr.h:314:9:[m[K [01;36m[Knote: [m[Kcandidate: â€˜[01m[Ktemplate<class _Del, class _DelUnref> std::unique_ptr<_Tp, _Dp>::unique_ptr(std::unique_ptr<_Tp, _Dp>::pointer, std::__enable_if_t<std::is_lvalue_reference<_Del>::value, _DelUnref&&>) [with _Del = _Del; _DelUnref = _DelUnref; _Tp = tf2_ros::Buffer; _Dp = std::default_delete<tf2_ros::Buffer>][m[Kâ€™ (deleted)
  314 |         [01;36m[Kunique_ptr[m[K(pointer,
      |         [01;36m[K^~~~~~~~~~[m[K
[01m[K/usr/include/c++/11/bits/unique_ptr.h:314:9:[m[K [01;36m[Knote: [m[K  template argument deduction/substitution failed:
[01m[K/home/bbbkkk/ws02_tools/src/cpp04_tf_listener/src/demo01_tf_listener.cpp:25:63:[m[K [01;36m[Knote: [m[K  candidate expects 2 arguments, 1 provided
   25 |     buffer_=std::unique_ptr<tf2_ros::Buffer>(this->get_clock()[01;36m[K)[m[K;
      |                                                               [01;36m[K^[m[K
In file included from [01m[K/usr/include/c++/11/memory:76[m[K,
                 from [01m[K/opt/ros/humble/include/rclcpp/rclcpp/rclcpp.hpp:153[m[K,
                 from [01m[K/home/bbbkkk/ws02_tools/src/cpp04_tf_listener/src/demo01_tf_listener.cpp:16[m[K:
[01m[K/usr/include/c++/11/bits/unique_ptr.h:306:9:[m[K [01;36m[Knote: [m[Kcandidate: â€˜[01m[Ktemplate<class _Del, class> std::unique_ptr<_Tp, _Dp>::unique_ptr(std::unique_ptr<_Tp, _Dp>::pointer, std::__enable_if_t<(! std::is_lvalue_reference<_Del>::value), _Del&&>) [with _Del = _Del; <template-parameter-2-2> = <template-parameter-1-2>; _Tp = tf2_ros::Buffer; _Dp = std::default_delete<tf2_ros::Buffer>][m[Kâ€™
  306 |         [01;36m[Kunique_ptr[m[K(pointer __p,
      |         [01;36m[K^~~~~~~~~~[m[K
[01m[K/usr/include/c++/11/bits/unique_ptr.h:306:9:[m[K [01;36m[Knote: [m[K  template argument deduction/substitution failed:
[01m[K/home/bbbkkk/ws02_tools/src/cpp04_tf_listener/src/demo01_tf_listener.cpp:25:63:[m[K [01;36m[Knote: [m[K  candidate expects 2 arguments, 1 provided
   25 |     buffer_=std::unique_ptr<tf2_ros::Buffer>(this->get_clock()[01;36m[K)[m[K;
      |                                                               [01;36m[K^[m[K
In file included from [01m[K/usr/include/c++/11/memory:76[m[K,
                 from [01m[K/opt/ros/humble/include/rclcpp/rclcpp/rclcpp.hpp:153[m[K,
                 from [01m[K/home/bbbkkk/ws02_tools/src/cpp04_tf_listener/src/demo01_tf_listener.cpp:16[m[K:
[01m[K/usr/include/c++/11/bits/unique_ptr.h:294:9:[m[K [01;36m[Knote: [m[Kcandidate: â€˜[01m[Ktemplate<class _Del, class> std::unique_ptr<_Tp, _Dp>::unique_ptr(std::unique_ptr<_Tp, _Dp>::pointer, const deleter_type&) [with _Del = _Del; <template-parameter-2-2> = <template-parameter-1-2>; _Tp = tf2_ros::Buffer; _Dp = std::default_delete<tf2_ros::Buffer>][m[Kâ€™
  294 |         [01;36m[Kunique_ptr[m[K(pointer __p, const deleter_type& __d) noexcept
      |         [01;36m[K^~~~~~~~~~[m[K
[01m[K/usr/include/c++/11/bits/unique_ptr.h:294:9:[m[K [01;36m[Knote: [m[K  template argument deduction/substitution failed:
[01m[K/home/bbbkkk/ws02_tools/src/cpp04_tf_listener/src/demo01_tf_listener.cpp:25:63:[m[K [01;36m[Knote: [m[K  candidate expects 2 arguments, 1 provided
   25 |     buffer_=std::unique_ptr<tf2_ros::Buffer>(this->get_clock()[01;36m[K)[m[K;
      |                                                               [01;36m[K^[m[K
In file included from [01m[K/usr/include/c++/11/memory:76[m[K,
                 from [01m[K/opt/ros/humble/include/rclcpp/rclcpp/rclcpp.hpp:153[m[K,
                 from [01m[K/home/bbbkkk/ws02_tools/src/cpp04_tf_listener/src/demo01_tf_listener.cpp:16[m[K:
[01m[K/usr/include/c++/11/bits/unique_ptr.h:281:9:[m[K [01;36m[Knote: [m[Kcandidate: â€˜[01m[Ktemplate<class _Del, class> std::unique_ptr<_Tp, _Dp>::unique_ptr(std::unique_ptr<_Tp, _Dp>::pointer) [with _Del = _Del; <template-parameter-2-2> = <template-parameter-1-2>; _Tp = tf2_ros::Buffer; _Dp = std::default_delete<tf2_ros::Buffer>][m[Kâ€™
  281 |         [01;36m[Kunique_ptr[m[K(pointer __p) noexcept
      |         [01;36m[K^~~~~~~~~~[m[K
[01m[K/usr/include/c++/11/bits/unique_ptr.h:281:9:[m[K [01;36m[Knote: [m[K  template argument deduction/substitution failed:
[01m[K/home/bbbkkk/ws02_tools/src/cpp04_tf_listener/src/demo01_tf_listener.cpp:25:61:[m[K [01;36m[Knote: [m[K  cannot convert â€˜[01m[Krclcpp::Node::get_clock()()[m[Kâ€™ (type â€˜[01m[Krclcpp::Clock::SharedPtr[m[Kâ€™ {aka â€˜[01m[Kstd::shared_ptr<rclcpp::Clock>[m[Kâ€™}) to type â€˜[01m[Kstd::unique_ptr<tf2_ros::Buffer>::pointer[m[Kâ€™ {aka â€˜[01m[Ktf2_ros::Buffer*[m[Kâ€™}
   25 |     buffer_=std::unique_ptr<tf2_ros::Buffer>([01;36m[Kthis->get_clock()[m[K);
      |                                              [01;36m[K~~~~~~~~~~~~~~~^~[m[K
In file included from [01m[K/usr/include/c++/11/memory:76[m[K,
                 from [01m[K/opt/ros/humble/include/rclcpp/rclcpp/rclcpp.hpp:153[m[K,
                 from [01m[K/home/bbbkkk/ws02_tools/src/cpp04_tf_listener/src/demo01_tf_listener.cpp:16[m[K:
[01m[K/usr/include/c++/11/bits/unique_ptr.h:269:19:[m[K [01;36m[Knote: [m[Kcandidate: â€˜[01m[Ktemplate<class _Del, class> constexpr std::unique_ptr<_Tp, _Dp>::unique_ptr() [with _Del = _Del; <template-parameter-2-2> = <template-parameter-1-2>; _Tp = tf2_ros::Buffer; _Dp = std::default_delete<tf2_ros::Buffer>][m[Kâ€™
  269 |         constexpr [01;36m[Kunique_ptr[m[K() noexcept
      |                   [01;36m[K^~~~~~~~~~[m[K
[01m[K/usr/include/c++/11/bits/unique_ptr.h:269:19:[m[K [01;36m[Knote: [m[K  template argument deduction/substitution failed:
[01m[K/home/bbbkkk/ws02_tools/src/cpp04_tf_listener/src/demo01_tf_listener.cpp:25:63:[m[K [01;36m[Knote: [m[K  candidate expects 0 arguments, 1 provided
   25 |     buffer_=std::unique_ptr<tf2_ros::Buffer>(this->get_clock()[01;36m[K)[m[K;
      |                                                               [01;36m[K^[m[K
In file included from [01m[K/usr/include/c++/11/memory:76[m[K,
                 from [01m[K/opt/ros/humble/include/rclcpp/rclcpp/rclcpp.hpp:153[m[K,
                 from [01m[K/home/bbbkkk/ws02_tools/src/cpp04_tf_listener/src/demo01_tf_listener.cpp:16[m[K:
[01m[K/usr/include/c++/11/bits/unique_ptr.h:327:7:[m[K [01;36m[Knote: [m[Kcandidate: â€˜[01m[Kstd::unique_ptr<_Tp, _Dp>::unique_ptr(std::unique_ptr<_Tp, _Dp>&&) [with _Tp = tf2_ros::Buffer; _Dp = std::default_delete<tf2_ros::Buffer>][m[Kâ€™
  327 |       [01;36m[Kunique_ptr[m[K(unique_ptr&&) = default;
      |       [01;36m[K^~~~~~~~~~[m[K
[01m[K/usr/include/c++/11/bits/unique_ptr.h:327:18:[m[K [01;36m[Knote: [m[K  no known conversion for argument 1 from â€˜[01m[Krclcpp::Clock::SharedPtr[m[Kâ€™ {aka â€˜[01m[Kstd::shared_ptr<rclcpp::Clock>[m[Kâ€™} to â€˜[01m[Kstd::unique_ptr<tf2_ros::Buffer>&&[m[Kâ€™
  327 |       unique_ptr([01;36m[Kunique_ptr&&[m[K) = default;
      |                  [01;36m[K^~~~~~~~~~~~[m[K
In file included from [01m[K/opt/ros/humble/include/rclcpp/rclcpp/logging.hpp:24[m[K,
                 from [01m[K/opt/ros/humble/include/rclcpp/rclcpp/client.hpp:40[m[K,
                 from [01m[K/opt/ros/humble/include/rclcpp/rclcpp/callback_group.hpp:24[m[K,
                 from [01m[K/opt/ros/humble/include/rclcpp/rclcpp/any_executable.hpp:20[m[K,
                 from [01m[K/opt/ros/humble/include/rclcpp/rclcpp/memory_strategy.hpp:25[m[K,
                 from [01m[K/opt/ros/humble/include/rclcpp/rclcpp/memory_strategies.hpp:18[m[K,
                 from [01m[K/opt/ros/humble/include/rclcpp/rclcpp/executor_options.hpp:20[m[K,
                 from [01m[K/opt/ros/humble/include/rclcpp/rclcpp/executor.hpp:37[m[K,
                 from [01m[K/opt/ros/humble/include/rclcpp/rclcpp/executors/multi_threaded_executor.hpp:25[m[K,
                 from [01m[K/opt/ros/humble/include/rclcpp/rclcpp/executors.hpp:21[m[K,
                 from [01m[K/opt/ros/humble/include/rclcpp/rclcpp/rclcpp.hpp:155[m[K,
                 from [01m[K/home/bbbkkk/ws02_tools/src/cpp04_tf_listener/src/demo01_tf_listener.cpp:16[m[K:
[01m[K/home/bbbkkk/ws02_tools/src/cpp04_tf_listener/src/demo01_tf_listener.cpp:[m[K In member function â€˜[01m[Kvoid TFListener::on_timer()[m[Kâ€™:
[01m[K/home/bbbkkk/ws02_tools/src/cpp04_tf_listener/src/demo01_tf_listener.cpp:45:7:[m[K [01;31m[Kerror: [m[Kexpected primary-expression before â€˜[01m[K)[m[Kâ€™ token
   45 |       [01;31m[KRCLCPP_INFO[m[K(this->get_logger(),
      |       [01;31m[K^~~~~~~~~~~[m[K
gmake[2]: *** [CMakeFiles/demo01_tf_listener.dir/build.make:76ï¼šCMakeFiles/demo01_tf_listener.dir/src/demo01_tf_listener.cpp.o] é”™è¯¯ 1
gmake[1]: *** [CMakeFiles/Makefile2:137ï¼šCMakeFiles/demo01_tf_listener.dir/all] é”™è¯¯ 2
gmake: *** [Makefile:146ï¼šall] é”™è¯¯ 2
