[0.010s] Invoking command in '/home/bbbkkk/ws02_tools/build/cpp04_tf_listener': CMAKE_PREFIX_PATH=${CMAKE_PREFIX_PATH}:/opt/ros/humble /usr/bin/cmake /home/bbbkkk/ws02_tools/src/cpp04_tf_listener -DCMAKE_INSTALL_PREFIX=/home/bbbkkk/ws02_tools/install/cpp04_tf_listener
[0.057s] -- The C compiler identification is GNU 11.4.0
[0.098s] -- The CXX compiler identification is GNU 11.4.0
[0.105s] -- Detecting C compiler ABI info
[0.168s] -- Detecting C compiler ABI info - done
[0.172s] -- Check for working C compiler: /usr/bin/cc - skipped
[0.173s] -- Detecting C compile features
[0.174s] -- Detecting C compile features - done
[0.175s] -- Detecting CXX compiler ABI info
[0.251s] -- Detecting CXX compiler ABI info - done
[0.255s] -- Check for working CXX compiler: /usr/bin/c++ - skipped
[0.255s] -- Detecting CXX compile features
[0.255s] -- Detecting CXX compile features - done
[0.268s] -- Found ament_cmake: 1.3.12 (/opt/ros/humble/share/ament_cmake/cmake)
[0.370s] -- Found Python3: /usr/bin/python3 (found version "3.10.12") found components: Interpreter 
[0.431s] -- Found rclcpp: 16.0.15 (/opt/ros/humble/share/rclcpp/cmake)
[0.459s] -- Found rosidl_generator_c: 3.1.7 (/opt/ros/humble/share/rosidl_generator_c/cmake)
[0.462s] -- Found rosidl_adapter: 3.1.7 (/opt/ros/humble/share/rosidl_adapter/cmake)
[0.467s] -- Found rosidl_generator_cpp: 3.1.7 (/opt/ros/humble/share/rosidl_generator_cpp/cmake)
[0.477s] -- Using all available rosidl_typesupport_c: rosidl_typesupport_fastrtps_c;rosidl_typesupport_introspection_c
[0.489s] -- Using all available rosidl_typesupport_cpp: rosidl_typesupport_fastrtps_cpp;rosidl_typesupport_introspection_cpp
[0.515s] -- Found rmw_implementation_cmake: 6.1.2 (/opt/ros/humble/share/rmw_implementation_cmake/cmake)
[0.517s] -- Found rmw_fastrtps_cpp: 6.2.9 (/opt/ros/humble/share/rmw_fastrtps_cpp/cmake)
[0.594s] -- Found OpenSSL: /usr/lib/x86_64-linux-gnu/libcrypto.so (found version "3.0.2")  
[0.610s] -- Found FastRTPS: /opt/ros/humble/include  
[0.635s] -- Using RMW implementation 'rmw_fastrtps_cpp' as default
[0.644s] -- Looking for pthread.h
[0.710s] -- Looking for pthread.h - found
[0.710s] -- Performing Test CMAKE_HAVE_LIBC_PTHREAD
[0.773s] -- Performing Test CMAKE_HAVE_LIBC_PTHREAD - Success
[0.773s] -- Found Threads: TRUE  
[0.815s] -- Found tf2: 0.25.16 (/opt/ros/humble/share/tf2/cmake)
[0.833s] -- Found tf2_ros: 0.25.16 (/opt/ros/humble/share/tf2_ros/cmake)
[0.888s] -- Found ament_lint_auto: 0.12.14 (/opt/ros/humble/share/ament_lint_auto/cmake)
[0.942s] -- Added test 'cppcheck' to perform static code analysis on C / C++ code
[0.942s] -- Configured cppcheck include dirs: $<BUILD_INTERFACE:/home/bbbkkk/ws02_tools/src/cpp04_tf_listener/include>
[0.942s] -- Configured cppcheck exclude dirs and/or files: 
[0.943s] -- Added test 'lint_cmake' to check CMake code style
[0.945s] -- Added test 'uncrustify' to check C / C++ code style
[0.945s] -- Configured uncrustify additional arguments: 
[0.945s] -- Added test 'xmllint' to check XML markup files
[0.945s] -- Configuring done
[0.952s] -- Generating done
[0.957s] -- Build files have been written to: /home/bbbkkk/ws02_tools/build/cpp04_tf_listener
[0.965s] Invoked command in '/home/bbbkkk/ws02_tools/build/cpp04_tf_listener' returned '0': CMAKE_PREFIX_PATH=${CMAKE_PREFIX_PATH}:/opt/ros/humble /usr/bin/cmake /home/bbbkkk/ws02_tools/src/cpp04_tf_listener -DCMAKE_INSTALL_PREFIX=/home/bbbkkk/ws02_tools/install/cpp04_tf_listener
[0.966s] Invoking command in '/home/bbbkkk/ws02_tools/build/cpp04_tf_listener': CMAKE_PREFIX_PATH=${CMAKE_PREFIX_PATH}:/opt/ros/humble /usr/bin/cmake --build /home/bbbkkk/ws02_tools/build/cpp04_tf_listener -- -j5 -l5
[1.016s] [ 50%] [32mBuilding CXX object CMakeFiles/demo01_tf_listener.dir/src/demo01_tf_listener.cpp.o[0m
[2.443s] [01m[K/home/bbbkkk/ws02_tools/src/cpp04_tf_listener/src/demo01_tf_listener.cpp:[m[K In constructor â€˜[01m[KTFListener::TFListener()[m[Kâ€™:
[2.443s] [01m[K/home/bbbkkk/ws02_tools/src/cpp04_tf_listener/src/demo01_tf_listener.cpp:25:63:[m[K [01;31m[Kerror: [m[Kno matching function for call to â€˜[01m[Kstd::unique_ptr<tf2_ros::Buffer>::unique_ptr(rclcpp::Clock::SharedPtr)[m[Kâ€™
[2.443s]    25 |     buffer_=std::unique_ptr<tf2_ros::Buffer>(this->get_clock()[01;31m[K)[m[K;
[2.443s]       |                                                               [01;31m[K^[m[K
[2.443s] In file included from [01m[K/usr/include/c++/11/memory:76[m[K,
[2.443s]                  from [01m[K/opt/ros/humble/include/rclcpp/rclcpp/rclcpp.hpp:153[m[K,
[2.443s]                  from [01m[K/home/bbbkkk/ws02_tools/src/cpp04_tf_listener/src/demo01_tf_listener.cpp:16[m[K:
[2.443s] [01m[K/usr/include/c++/11/bits/unique_ptr.h:350:9:[m[K [01;36m[Knote: [m[Kcandidate: â€˜[01m[Ktemplate<class _Up, class> std::unique_ptr<_Tp, _Dp>::unique_ptr(std::auto_ptr<_Up>&&) [with _Up = _Up; <template-parameter-2-2> = <template-parameter-1-2>; _Tp = tf2_ros::Buffer; _Dp = std::default_delete<tf2_ros::Buffer>][m[Kâ€™
[2.443s]   350 |         [01;36m[Kunique_ptr[m[K(auto_ptr<_Up>&& __u) noexcept;
[2.443s]       |         [01;36m[K^~~~~~~~~~[m[K
[2.443s] [01m[K/usr/include/c++/11/bits/unique_ptr.h:350:9:[m[K [01;36m[Knote: [m[K  template argument deduction/substitution failed:
[2.443s] [01m[K/home/bbbkkk/ws02_tools/src/cpp04_tf_listener/src/demo01_tf_listener.cpp:25:63:[m[K [01;36m[Knote: [m[K  â€˜[01m[Krclcpp::Clock::SharedPtr[m[Kâ€™ {aka â€˜[01m[Kstd::shared_ptr<rclcpp::Clock>[m[Kâ€™} is not derived from â€˜[01m[Kstd::auto_ptr<_Up>[m[Kâ€™
[2.443s]    25 |     buffer_=std::unique_ptr<tf2_ros::Buffer>(this->get_clock()[01;36m[K)[m[K;
[2.443s]       |                                                               [01;36m[K^[m[K
[2.443s] In file included from [01m[K/usr/include/c++/11/memory:76[m[K,
[2.443s]                  from [01m[K/opt/ros/humble/include/rclcpp/rclcpp/rclcpp.hpp:153[m[K,
[2.443s]                  from [01m[K/home/bbbkkk/ws02_tools/src/cpp04_tf_listener/src/demo01_tf_listener.cpp:16[m[K:
[2.443s] [01m[K/usr/include/c++/11/bits/unique_ptr.h:340:9:[m[K [01;36m[Knote: [m[Kcandidate: â€˜[01m[Ktemplate<class _Up, class _Ep, class> std::unique_ptr<_Tp, _Dp>::unique_ptr(std::unique_ptr<_Up, _Ep>&&) [with _Up = _Up; _Ep = _Ep; <template-parameter-2-3> = <template-parameter-1-3>; _Tp = tf2_ros::Buffer; _Dp = std::default_delete<tf2_ros::Buffer>][m[Kâ€™
[2.443s]   340 |         [01;36m[Kunique_ptr[m[K(unique_ptr<_Up, _Ep>&& __u) noexcept
[2.443s]       |         [01;36m[K^~~~~~~~~~[m[K
[2.443s] [01m[K/usr/include/c++/11/bits/unique_ptr.h:340:9:[m[K [01;36m[Knote: [m[K  template argument deduction/substitution failed:
[2.443s] [01m[K/home/bbbkkk/ws02_tools/src/cpp04_tf_listener/src/demo01_tf_listener.cpp:25:63:[m[K [01;36m[Knote: [m[K  â€˜[01m[Krclcpp::Clock::SharedPtr[m[Kâ€™ {aka â€˜[01m[Kstd::shared_ptr<rclcpp::Clock>[m[Kâ€™} is not derived from â€˜[01m[Kstd::unique_ptr<_Tp, _Dp>[m[Kâ€™
[2.443s]    25 |     buffer_=std::unique_ptr<tf2_ros::Buffer>(this->get_clock()[01;36m[K)[m[K;
[2.443s]       |                                                               [01;36m[K^[m[K
[2.443s] In file included from [01m[K/usr/include/c++/11/memory:76[m[K,
[2.443s]                  from [01m[K/opt/ros/humble/include/rclcpp/rclcpp/rclcpp.hpp:153[m[K,
[2.444s]                  from [01m[K/home/bbbkkk/ws02_tools/src/cpp04_tf_listener/src/demo01_tf_listener.cpp:16[m[K:
[2.444s] [01m[K/usr/include/c++/11/bits/unique_ptr.h:320:19:[m[K [01;36m[Knote: [m[Kcandidate: â€˜[01m[Ktemplate<class _Del, class> constexpr std::unique_ptr<_Tp, _Dp>::unique_ptr(std::nullptr_t) [with _Del = _Del; <template-parameter-2-2> = <template-parameter-1-2>; _Tp = tf2_ros::Buffer; _Dp = std::default_delete<tf2_ros::Buffer>][m[Kâ€™
[2.444s]   320 |         constexpr [01;36m[Kunique_ptr[m[K(nullptr_t) noexcept
[2.444s]       |                   [01;36m[K^~~~~~~~~~[m[K
[2.444s] [01m[K/usr/include/c++/11/bits/unique_ptr.h:320:19:[m[K [01;36m[Knote: [m[K  template argument deduction/substitution failed:
[2.444s] [01m[K/home/bbbkkk/ws02_tools/src/cpp04_tf_listener/src/demo01_tf_listener.cpp:25:61:[m[K [01;36m[Knote: [m[K  cannot convert â€˜[01m[Krclcpp::Node::get_clock()()[m[Kâ€™ (type â€˜[01m[Krclcpp::Clock::SharedPtr[m[Kâ€™ {aka â€˜[01m[Kstd::shared_ptr<rclcpp::Clock>[m[Kâ€™}) to type â€˜[01m[Kstd::nullptr_t[m[Kâ€™
[2.444s]    25 |     buffer_=std::unique_ptr<tf2_ros::Buffer>([01;36m[Kthis->get_clock()[m[K);
[2.444s]       |                                              [01;36m[K~~~~~~~~~~~~~~~^~[m[K
[2.444s] In file included from [01m[K/usr/include/c++/11/memory:76[m[K,
[2.444s]                  from [01m[K/opt/ros/humble/include/rclcpp/rclcpp/rclcpp.hpp:153[m[K,
[2.444s]                  from [01m[K/home/bbbkkk/ws02_tools/src/cpp04_tf_listener/src/demo01_tf_listener.cpp:16[m[K:
[2.444s] [01m[K/usr/include/c++/11/bits/unique_ptr.h:314:9:[m[K [01;36m[Knote: [m[Kcandidate: â€˜[01m[Ktemplate<class _Del, class _DelUnref> std::unique_ptr<_Tp, _Dp>::unique_ptr(std::unique_ptr<_Tp, _Dp>::pointer, std::__enable_if_t<std::is_lvalue_reference<_Del>::value, _DelUnref&&>) [with _Del = _Del; _DelUnref = _DelUnref; _Tp = tf2_ros::Buffer; _Dp = std::default_delete<tf2_ros::Buffer>][m[Kâ€™ (deleted)
[2.444s]   314 |         [01;36m[Kunique_ptr[m[K(pointer,
[2.444s]       |         [01;36m[K^~~~~~~~~~[m[K
[2.444s] [01m[K/usr/include/c++/11/bits/unique_ptr.h:314:9:[m[K [01;36m[Knote: [m[K  template argument deduction/substitution failed:
[2.458s] [01m[K/home/bbbkkk/ws02_tools/src/cpp04_tf_listener/src/demo01_tf_listener.cpp:25:63:[m[K [01;36m[Knote: [m[K  candidate expects 2 arguments, 1 provided
[2.459s]    25 |     buffer_=std::unique_ptr<tf2_ros::Buffer>(this->get_clock()[01;36m[K)[m[K;
[2.459s]       |                                                               [01;36m[K^[m[K
[2.459s] In file included from [01m[K/usr/include/c++/11/memory:76[m[K,
[2.459s]                  from [01m[K/opt/ros/humble/include/rclcpp/rclcpp/rclcpp.hpp:153[m[K,
[2.459s]                  from [01m[K/home/bbbkkk/ws02_tools/src/cpp04_tf_listener/src/demo01_tf_listener.cpp:16[m[K:
[2.459s] [01m[K/usr/include/c++/11/bits/unique_ptr.h:306:9:[m[K [01;36m[Knote: [m[Kcandidate: â€˜[01m[Ktemplate<class _Del, class> std::unique_ptr<_Tp, _Dp>::unique_ptr(std::unique_ptr<_Tp, _Dp>::pointer, std::__enable_if_t<(! std::is_lvalue_reference<_Del>::value), _Del&&>) [with _Del = _Del; <template-parameter-2-2> = <template-parameter-1-2>; _Tp = tf2_ros::Buffer; _Dp = std::default_delete<tf2_ros::Buffer>][m[Kâ€™
[2.459s]   306 |         [01;36m[Kunique_ptr[m[K(pointer __p,
[2.459s]       |         [01;36m[K^~~~~~~~~~[m[K
[2.459s] [01m[K/usr/include/c++/11/bits/unique_ptr.h:306:9:[m[K [01;36m[Knote: [m[K  template argument deduction/substitution failed:
[2.459s] [01m[K/home/bbbkkk/ws02_tools/src/cpp04_tf_listener/src/demo01_tf_listener.cpp:25:63:[m[K [01;36m[Knote: [m[K  candidate expects 2 arguments, 1 provided
[2.459s]    25 |     buffer_=std::unique_ptr<tf2_ros::Buffer>(this->get_clock()[01;36m[K)[m[K;
[2.459s]       |                                                               [01;36m[K^[m[K
[2.459s] In file included from [01m[K/usr/include/c++/11/memory:76[m[K,
[2.459s]                  from [01m[K/opt/ros/humble/include/rclcpp/rclcpp/rclcpp.hpp:153[m[K,
[2.459s]                  from [01m[K/home/bbbkkk/ws02_tools/src/cpp04_tf_listener/src/demo01_tf_listener.cpp:16[m[K:
[2.459s] [01m[K/usr/include/c++/11/bits/unique_ptr.h:294:9:[m[K [01;36m[Knote: [m[Kcandidate: â€˜[01m[Ktemplate<class _Del, class> std::unique_ptr<_Tp, _Dp>::unique_ptr(std::unique_ptr<_Tp, _Dp>::pointer, const deleter_type&) [with _Del = _Del; <template-parameter-2-2> = <template-parameter-1-2>; _Tp = tf2_ros::Buffer; _Dp = std::default_delete<tf2_ros::Buffer>][m[Kâ€™
[2.459s]   294 |         [01;36m[Kunique_ptr[m[K(pointer __p, const deleter_type& __d) noexcept
[2.459s]       |         [01;36m[K^~~~~~~~~~[m[K
[2.459s] [01m[K/usr/include/c++/11/bits/unique_ptr.h:294:9:[m[K [01;36m[Knote: [m[K  template argument deduction/substitution failed:
[2.459s] [01m[K/home/bbbkkk/ws02_tools/src/cpp04_tf_listener/src/demo01_tf_listener.cpp:25:63:[m[K [01;36m[Knote: [m[K  candidate expects 2 arguments, 1 provided
[2.459s]    25 |     buffer_=std::unique_ptr<tf2_ros::Buffer>(this->get_clock()[01;36m[K)[m[K;
[2.459s]       |                                                               [01;36m[K^[m[K
[2.459s] In file included from [01m[K/usr/include/c++/11/memory:76[m[K,
[2.459s]                  from [01m[K/opt/ros/humble/include/rclcpp/rclcpp/rclcpp.hpp:153[m[K,
[2.459s]                  from [01m[K/home/bbbkkk/ws02_tools/src/cpp04_tf_listener/src/demo01_tf_listener.cpp:16[m[K:
[2.459s] [01m[K/usr/include/c++/11/bits/unique_ptr.h:281:9:[m[K [01;36m[Knote: [m[Kcandidate: â€˜[01m[Ktemplate<class _Del, class> std::unique_ptr<_Tp, _Dp>::unique_ptr(std::unique_ptr<_Tp, _Dp>::pointer) [with _Del = _Del; <template-parameter-2-2> = <template-parameter-1-2>; _Tp = tf2_ros::Buffer; _Dp = std::default_delete<tf2_ros::Buffer>][m[Kâ€™
[2.459s]   281 |         [01;36m[Kunique_ptr[m[K(pointer __p) noexcept
[2.459s]       |         [01;36m[K^~~~~~~~~~[m[K
[2.459s] [01m[K/usr/include/c++/11/bits/unique_ptr.h:281:9:[m[K [01;36m[Knote: [m[K  template argument deduction/substitution failed:
[2.459s] [01m[K/home/bbbkkk/ws02_tools/src/cpp04_tf_listener/src/demo01_tf_listener.cpp:25:61:[m[K [01;36m[Knote: [m[K  cannot convert â€˜[01m[Krclcpp::Node::get_clock()()[m[Kâ€™ (type â€˜[01m[Krclcpp::Clock::SharedPtr[m[Kâ€™ {aka â€˜[01m[Kstd::shared_ptr<rclcpp::Clock>[m[Kâ€™}) to type â€˜[01m[Kstd::unique_ptr<tf2_ros::Buffer>::pointer[m[Kâ€™ {aka â€˜[01m[Ktf2_ros::Buffer*[m[Kâ€™}
[2.459s]    25 |     buffer_=std::unique_ptr<tf2_ros::Buffer>([01;36m[Kthis->get_clock()[m[K);
[2.459s]       |                                              [01;36m[K~~~~~~~~~~~~~~~^~[m[K
[2.459s] In file included from [01m[K/usr/include/c++/11/memory:76[m[K,
[2.460s]                  from [01m[K/opt/ros/humble/include/rclcpp/rclcpp/rclcpp.hpp:153[m[K,
[2.460s]                  from [01m[K/home/bbbkkk/ws02_tools/src/cpp04_tf_listener/src/demo01_tf_listener.cpp:16[m[K:
[2.460s] [01m[K/usr/include/c++/11/bits/unique_ptr.h:269:19:[m[K [01;36m[Knote: [m[Kcandidate: â€˜[01m[Ktemplate<class _Del, class> constexpr std::unique_ptr<_Tp, _Dp>::unique_ptr() [with _Del = _Del; <template-parameter-2-2> = <template-parameter-1-2>; _Tp = tf2_ros::Buffer; _Dp = std::default_delete<tf2_ros::Buffer>][m[Kâ€™
[2.460s]   269 |         constexpr [01;36m[Kunique_ptr[m[K() noexcept
[2.460s]       |                   [01;36m[K^~~~~~~~~~[m[K
[2.460s] [01m[K/usr/include/c++/11/bits/unique_ptr.h:269:19:[m[K [01;36m[Knote: [m[K  template argument deduction/substitution failed:
[2.460s] [01m[K/home/bbbkkk/ws02_tools/src/cpp04_tf_listener/src/demo01_tf_listener.cpp:25:63:[m[K [01;36m[Knote: [m[K  candidate expects 0 arguments, 1 provided
[2.460s]    25 |     buffer_=std::unique_ptr<tf2_ros::Buffer>(this->get_clock()[01;36m[K)[m[K;
[2.460s]       |                                                               [01;36m[K^[m[K
[2.460s] In file included from [01m[K/usr/include/c++/11/memory:76[m[K,
[2.460s]                  from [01m[K/opt/ros/humble/include/rclcpp/rclcpp/rclcpp.hpp:153[m[K,
[2.460s]                  from [01m[K/home/bbbkkk/ws02_tools/src/cpp04_tf_listener/src/demo01_tf_listener.cpp:16[m[K:
[2.460s] [01m[K/usr/include/c++/11/bits/unique_ptr.h:327:7:[m[K [01;36m[Knote: [m[Kcandidate: â€˜[01m[Kstd::unique_ptr<_Tp, _Dp>::unique_ptr(std::unique_ptr<_Tp, _Dp>&&) [with _Tp = tf2_ros::Buffer; _Dp = std::default_delete<tf2_ros::Buffer>][m[Kâ€™
[2.460s]   327 |       [01;36m[Kunique_ptr[m[K(unique_ptr&&) = default;
[2.460s]       |       [01;36m[K^~~~~~~~~~[m[K
[2.460s] [01m[K/usr/include/c++/11/bits/unique_ptr.h:327:18:[m[K [01;36m[Knote: [m[K  no known conversion for argument 1 from â€˜[01m[Krclcpp::Clock::SharedPtr[m[Kâ€™ {aka â€˜[01m[Kstd::shared_ptr<rclcpp::Clock>[m[Kâ€™} to â€˜[01m[Kstd::unique_ptr<tf2_ros::Buffer>&&[m[Kâ€™
[2.460s]   327 |       unique_ptr([01;36m[Kunique_ptr&&[m[K) = default;
[2.460s]       |                  [01;36m[K^~~~~~~~~~~~[m[K
[2.466s] In file included from [01m[K/opt/ros/humble/include/rclcpp/rclcpp/logging.hpp:24[m[K,
[2.467s]                  from [01m[K/opt/ros/humble/include/rclcpp/rclcpp/client.hpp:40[m[K,
[2.467s]                  from [01m[K/opt/ros/humble/include/rclcpp/rclcpp/callback_group.hpp:24[m[K,
[2.467s]                  from [01m[K/opt/ros/humble/include/rclcpp/rclcpp/any_executable.hpp:20[m[K,
[2.467s]                  from [01m[K/opt/ros/humble/include/rclcpp/rclcpp/memory_strategy.hpp:25[m[K,
[2.467s]                  from [01m[K/opt/ros/humble/include/rclcpp/rclcpp/memory_strategies.hpp:18[m[K,
[2.467s]                  from [01m[K/opt/ros/humble/include/rclcpp/rclcpp/executor_options.hpp:20[m[K,
[2.467s]                  from [01m[K/opt/ros/humble/include/rclcpp/rclcpp/executor.hpp:37[m[K,
[2.467s]                  from [01m[K/opt/ros/humble/include/rclcpp/rclcpp/executors/multi_threaded_executor.hpp:25[m[K,
[2.467s]                  from [01m[K/opt/ros/humble/include/rclcpp/rclcpp/executors.hpp:21[m[K,
[2.467s]                  from [01m[K/opt/ros/humble/include/rclcpp/rclcpp/rclcpp.hpp:155[m[K,
[2.467s]                  from [01m[K/home/bbbkkk/ws02_tools/src/cpp04_tf_listener/src/demo01_tf_listener.cpp:16[m[K:
[2.467s] [01m[K/home/bbbkkk/ws02_tools/src/cpp04_tf_listener/src/demo01_tf_listener.cpp:[m[K In member function â€˜[01m[Kvoid TFListener::on_timer()[m[Kâ€™:
[2.467s] [01m[K/home/bbbkkk/ws02_tools/src/cpp04_tf_listener/src/demo01_tf_listener.cpp:45:7:[m[K [01;31m[Kerror: [m[Kexpected primary-expression before â€˜[01m[K)[m[Kâ€™ token
[2.467s]    45 |       [01;31m[KRCLCPP_INFO[m[K(this->get_logger(),
[2.467s]       |       [01;31m[K^~~~~~~~~~~[m[K
[4.095s] gmake[2]: *** [CMakeFiles/demo01_tf_listener.dir/build.make:76ï¼šCMakeFiles/demo01_tf_listener.dir/src/demo01_tf_listener.cpp.o] é”™è¯¯ 1
[4.095s] gmake[1]: *** [CMakeFiles/Makefile2:137ï¼šCMakeFiles/demo01_tf_listener.dir/all] é”™è¯¯ 2
[4.095s] gmake: *** [Makefile:146ï¼šall] é”™è¯¯ 2
[4.098s] Invoked command in '/home/bbbkkk/ws02_tools/build/cpp04_tf_listener' returned '2': CMAKE_PREFIX_PATH=${CMAKE_PREFIX_PATH}:/opt/ros/humble /usr/bin/cmake --build /home/bbbkkk/ws02_tools/build/cpp04_tf_listener -- -j5 -l5
