[35m[1mConsolidate compiler generated dependencies of target demo01_writer[0m
[ 50%] Built target demo02_reader
[ 75%] [32mBuilding CXX object CMakeFiles/demo01_writer.dir/src/demo01_writer.cpp.o[0m
[100%] [32m[1mLinking CXX executable demo01_writer[0m
/usr/bin/ld: CMakeFiles/demo01_writer.dir/src/demo01_writer.cpp.o: in function `void rosbag2_cpp::Writer::write<std::shared_ptr<geometry_msgs::msg::Twist_<std::allocator<void> > > >(std::shared_ptr<geometry_msgs::msg::Twist_<std::allocator<void> > > const&, std::__cxx11::basic_string<char, std::char_traits<char>, std::allocator<char> > const&, rclcpp::Time const&)':
demo01_writer.cpp:(.text._ZN11rosbag2_cpp6Writer5writeISt10shared_ptrIN13geometry_msgs3msg6Twist_ISaIvEEEEEEvRKT_RKNSt7__cxx1112basic_stringIcSt11char_traitsIcESaIcEEERKN6rclcpp4TimeE[_ZN11rosbag2_cpp6Writer5writeISt10shared_ptrIN13geometry_msgs3msg6Twist_ISaIvEEEEEEvRKT_RKNSt7__cxx1112basic_stringIcSt11char_traitsIcESaIcEEERKN6rclcpp4TimeE]+0x85): undefined reference to `char const* rosidl_generator_traits::name<std::shared_ptr<geometry_msgs::msg::Twist_<std::allocator<void> > > >()'
/usr/bin/ld: CMakeFiles/demo01_writer.dir/src/demo01_writer.cpp.o: in function `rclcpp::Serialization<std::shared_ptr<geometry_msgs::msg::Twist_<std::allocator<void> > > >::Serialization()':
demo01_writer.cpp:(.text._ZN6rclcpp13SerializationISt10shared_ptrIN13geometry_msgs3msg6Twist_ISaIvEEEEEC2Ev[_ZN6rclcpp13SerializationISt10shared_ptrIN13geometry_msgs3msg6Twist_ISaIvEEEEEC5Ev]+0x16): undefined reference to `rosidl_message_type_support_t const* rosidl_typesupport_cpp::get_message_type_support_handle<std::shared_ptr<geometry_msgs::msg::Twist_<std::allocator<void> > > >()'
collect2: error: ld returned 1 exit status
gmake[2]: *** [CMakeFiles/demo01_writer.dir/build.make:173ï¼šdemo01_writer] é”™è¯¯ 1
gmake[1]: *** [CMakeFiles/Makefile2:139ï¼šCMakeFiles/demo01_writer.dir/all] é”™è¯¯ 2
gmake: *** [Makefile:146ï¼šall] é”™è¯¯ 2
